<?xml version="1.0" encoding="UTF-8"?>
<testng-results skipped="3" failed="0" total="3" passed="0">
  <reporter-output>
  </reporter-output>
  <suite name="Default suite" duration-ms="60967" started-at="2016-07-04T09:29:56Z" finished-at="2016-07-04T09:30:57Z">
    <groups>
    </groups>
    <test name="Default test" duration-ms="60967" started-at="2016-07-04T09:29:56Z" finished-at="2016-07-04T09:30:57Z">
      <class name="Tess.AutomateGithub">
        <test-method status="FAIL" signature="beforetest()[pri:0, instance:Tess.AutomateGithub@5488bcae]" name="beforetest" is-config="true" duration-ms="0" started-at="2016-07-04T14:59:56Z" finished-at="2016-07-04T14:59:56Z">
          <exception class="java.io.FileNotFoundException">
            <message>
              <![CDATA[/home/abdullatsleem/Downloads/cm1.sh (No such file or directory)]]>
            </message>
            <full-stacktrace>
              <![CDATA[java.io.FileNotFoundException: /home/abdullatsleem/Downloads/cm1.sh (No such file or directory)
	at java.io.FileOutputStream.open(Native Method)
	at java.io.FileOutputStream.<init>(FileOutputStream.java:221)
	at java.io.FileOutputStream.<init>(FileOutputStream.java:171)
	at java.io.FileWriter.<init>(FileWriter.java:90)
	at Tess.AutomateGithub.uploader(AutomateGithub.java:289)
	at Tess.AutomateGithub.beforetest(AutomateGithub.java:124)
	at sun.reflect.NativeMethodAccessorImpl.invoke0(Native Method)
	at sun.reflect.NativeMethodAccessorImpl.invoke(NativeMethodAccessorImpl.java:57)
	at sun.reflect.DelegatingMethodAccessorImpl.invoke(DelegatingMethodAccessorImpl.java:43)
	at java.lang.reflect.Method.invoke(Method.java:606)
	at org.testng.internal.MethodInvocationHelper.invokeMethod(MethodInvocationHelper.java:85)
	at org.testng.internal.Invoker.invokeConfigurationMethod(Invoker.java:510)
	at org.testng.internal.Invoker.invokeConfigurations(Invoker.java:211)
	at org.testng.internal.Invoker.invokeConfigurations(Invoker.java:138)
	at org.testng.TestRunner.beforeRun(TestRunner.java:648)
	at org.testng.TestRunner.run(TestRunner.java:616)
	at org.testng.SuiteRunner.runTest(SuiteRunner.java:359)
	at org.testng.SuiteRunner.runSequentially(SuiteRunner.java:354)
	at org.testng.SuiteRunner.privateRun(SuiteRunner.java:312)
	at org.testng.SuiteRunner.run(SuiteRunner.java:261)
	at org.testng.SuiteRunnerWorker.runSuite(SuiteRunnerWorker.java:52)
	at org.testng.SuiteRunnerWorker.run(SuiteRunnerWorker.java:86)
	at org.testng.TestNG.runSuitesSequentially(TestNG.java:1215)
	at org.testng.TestNG.runSuitesLocally(TestNG.java:1140)
	at org.testng.TestNG.run(TestNG.java:1048)
	at org.testng.remote.AbstractRemoteTestNG.run(AbstractRemoteTestNG.java:126)
	at org.testng.remote.RemoteTestNG.initAndRun(RemoteTestNG.java:137)
	at org.testng.remote.RemoteTestNG.main(RemoteTestNG.java:58)
]]>
            </full-stacktrace>
          </exception> <!-- java.io.FileNotFoundException -->
          <reporter-output>
          </reporter-output>
        </test-method> <!-- beforetest -->
        <test-method status="SKIP" signature="testOne()[pri:0, instance:Tess.AutomateGithub@5488bcae]" name="testOne" duration-ms="2" started-at="2016-07-04T15:00:57Z" finished-at="2016-07-04T15:00:57Z">
          <reporter-output>
          </reporter-output>
        </test-method> <!-- testOne -->
        <test-method status="SKIP" signature="testThree()[pri:0, instance:Tess.AutomateGithub@5488bcae]" name="testThree" duration-ms="2" started-at="2016-07-04T15:00:57Z" finished-at="2016-07-04T15:00:57Z">
          <reporter-output>
          </reporter-output>
        </test-method> <!-- testThree -->
        <test-method status="SKIP" signature="testTwo()[pri:0, instance:Tess.AutomateGithub@5488bcae]" name="testTwo" duration-ms="2" started-at="2016-07-04T15:00:57Z" finished-at="2016-07-04T15:00:57Z">
          <reporter-output>
          </reporter-output>
        </test-method> <!-- testTwo -->
      </class> <!-- Tess.AutomateGithub -->
    </test> <!-- Default test -->
  </suite> <!-- Default suite -->
</testng-results>
